gdx2d-android-demos/proguard-project.txt
# To enable ProGuard in your project, edit project.properties
# to define the proguard.config property as described in that file.
#
# Add project specific ProGuard rules here.
# By default, the flags in this file are appended to flags specified
# in ${sdk.dir}/tools/proguard/proguard-android.txt
# You can edit the include path and order by changing the ProGuard
# include property in project.properties.
#
# For more details, see
#   http://developer.android.com/guide/developing/tools/proguard.html

# Add any project specific keep options here:

-libraryjars /libs/gdx-backend-android.jar
-dontwarn com.badlogic.gdx.jnigen.**
-dontwarn com.badlogic.gdx.backends.android.AndroidDaydream
-dontwarn com.badlogic.gdx.backends.android.AndroidInputThreePlus
-dontwarn com.badlogic.gdx.backends.android.AndroidGraphicsDaydream
-dontwarn hevs.gdx2d.lib.PortableApplication
-dontwarn box2dLight.*
-dontskipnonpubliclibraryclassmembers
-keep class hevs.gdx2d.**
-keep class hevs.gdx2d.*


-dontshrink
-dontoptimize