gdx2d-android-demos/proguard/usage.txt
hevs.androiddemoselector.AboutDialog:
    26:27:public static void setContext(android.content.Context)
hevs.androiddemoselector.BuildConfig:
    public static final boolean DEBUG
hevs.androiddemoselector.GDXEventHandler:
    17:25:public void showAboutBox()
    30:30:public void showToast()
...
com.badlogic.gdx.graphics.g3d.model.skeleton.Skeleton
com.badlogic.gdx.graphics.g3d.model.skeleton.SkeletonAnimation
com.badlogic.gdx.graphics.g3d.model.skeleton.SkeletonJoint
com.badlogic.gdx.graphics.g3d.model.skeleton.SkeletonKeyframe
com.badlogic.gdx.graphics.g3d.model.skeleton.SkeletonModel
com.badlogic.gdx.graphics.g3d.model.skeleton.SkeletonModelGpuSkinned
com.badlogic.gdx.graphics.g3d.model.skeleton.SkeletonSubMesh
com.badlogic.gdx.graphics.g3d.model.still.StillModel
com.badlogic.gdx.graphics.g3d.model.still.StillSubMesh
com.badlogic.gdx.graphics.glutils.ETC1:
    37:44:public ETC1()
    157:160:public static com.badlogic.gdx.graphics.glutils.ETC1$ETC1Data encodeImage(com.badlogic.gdx.graphics.Pixmap)
    168:171:public static com.badlogic.gdx.graphics.glutils.ETC1$ETC1Data encodeImagePKM(com.badlogic.gdx.graphics.Pixmap)
    public static native int getCompressedDataSize(int,int)
    public static native void formatHeader(java.nio.ByteBuffer,int,int,int)
    private static native java.nio.ByteBuffer encodeImage(java.nio.ByteBuffer,int,int,int,int)
    private static native java.nio.ByteBuffer encodeImagePKM(java.nio.ByteBuffer,int,int,int,int)
com.badlogic.gdx.graphics.glutils.ETC1$ETC1Data:
    54:60:public ETC1$ETC1Data(int,int,java.nio.ByteBuffer,int)
    105:129:public void write(com.badlogic.gdx.files.FileHandle)
com.badlogic.gdx.graphics.glutils.ETC1TextureData:
    38:39:public ETC1TextureData(com.badlogic.gdx.files.FileHandle)
    46:49:public ETC1TextureData(com.badlogic.gdx.graphics.glutils.ETC1$ETC1Data,boolean)
com.badlogic.gdx.graphics.glutils.FileTextureData:
    128:128:public com.badlogic.gdx.files.FileHandle getFileHandle()
com.badlogic.gdx.graphics.glutils.FloatFrameBuffer
com.badlogic.gdx.graphics.glutils.FloatTextureData
com.badlogic.gdx.graphics.glutils.FrameBuffer:
    92:100:public FrameBuffer(com.badlogic.gdx.graphics.Pixmap$Format,int,int,boolean)
    208:210:public void begin()
    214:216:public void end()
    219:223:private void addManagedFrameBuffer(com.badlogic.gdx.Application,com.badlogic.gdx.graphics.glutils.FrameBuffer)
    255:255:public com.badlogic.gdx.graphics.Texture getColorBufferTexture()
    260:260:public int getHeight()
    265:265:public int getWidth()
com.badlogic.gdx.graphics.glutils.ImmediateModeRenderer:
    public abstract void texCoord(float,float)
    public abstract void normal(float,float,float)
com.badlogic.gdx.graphics.glutils.ImmediateModeRenderer10:
    136:140:public void normal(float,float,float)
    146:149:public void texCoord(float,float)
    216:217:public void vertex(com.badlogic.gdx.math.Vector3)
com.badlogic.gdx.graphics.glutils.ImmediateModeRenderer20:
    49:51:public ImmediateModeRenderer20(boolean,boolean,int)
    90:93:public void setShader(com.badlogic.gdx.graphics.glutils.ShaderProgram)
    105:109:public void texCoord(float,float)
    112:116:public void normal(float,float,float)
com.badlogic.gdx.graphics.glutils.IndexBufferObject:
    84:93:public IndexBufferObject(int)
com.badlogic.gdx.graphics.glutils.IndexBufferObjectSubData:
    84:93:public IndexBufferObjectSubData(int)
com.badlogic.gdx.graphics.glutils.MipMapGenerator:
    29:29:public MipMapGenerator()
    33:34:public static void setUseHardwareMipMap(boolean)